2012/12/16 14:32:43 [error] [exception.CException] exception 'CException' with message 'CAssetManager.basePath "C:\Workspace\rh-moneyback.ru\Development\www\assets" is invalid. Please make sure the directory exists and is writable by the Web server process.' in C:\Workspace\rh-moneyback.ru\Development\yii\framework\web\CAssetManager.php:128
Stack trace:
#0 C:\Workspace\rh-moneyback.ru\Development\yii\framework\web\CAssetManager.php(113): CAssetManager->setBasePath('C:\Workspace\rh...')
#1 C:\Workspace\rh-moneyback.ru\Development\yii\framework\web\CAssetManager.php(235): CAssetManager->getBasePath()
#2 C:\Workspace\rh-moneyback.ru\Development\yii\framework\gii\GiiModule.php(143): CAssetManager->publish('C:\Workspace\rh...')
#3 C:\Workspace\rh-moneyback.ru\Development\yii\framework\base\CComponent.php(112): GiiModule->getAssetsUrl()
#4 C:\Workspace\rh-moneyback.ru\Development\yii\framework\base\CModule.php(106): CComponent->__get('assetsUrl')
#5 C:\Workspace\rh-moneyback.ru\Development\yii\framework\gii\views\layouts\main.php(5): CModule->__get('assetsUrl')
#6 C:\Workspace\rh-moneyback.ru\Development\yii\framework\web\CBaseController.php(127): require('C:\Workspace\rh...')
#7 C:\Workspace\rh-moneyback.ru\Development\yii\framework\web\CBaseController.php(96): CBaseController->renderInternal('C:\Workspace\rh...', Array, true)
#8 C:\Workspace\rh-moneyback.ru\Development\yii\framework\web\widgets\CContentDecorator.php(77): CBaseController->renderFile('C:\Workspace\rh...', Array, true)
#9 C:\Workspace\rh-moneyback.ru\Development\yii\framework\web\widgets\CContentDecorator.php(55): CContentDecorator->decorate('<div class="con...')
#10 C:\Workspace\rh-moneyback.ru\Development\yii\framework\web\widgets\COutputProcessor.php(45): CContentDecorator->processOutput('<div class="con...')
#11 C:\Workspace\rh-moneyback.ru\Development\yii\framework\web\CBaseController.php(207): COutputProcessor->run()
#12 C:\Workspace\rh-moneyback.ru\Development\yii\framework\web\CBaseController.php(301): CBaseController->endWidget('CContentDecorat...')
#13 C:\Workspace\rh-moneyback.ru\Development\yii\framework\gii\views\layouts\column1.php(7): CBaseController->endContent()
#14 C:\Workspace\rh-moneyback.ru\Development\yii\framework\web\CBaseController.php(127): require('C:\Workspace\rh...')
#15 C:\Workspace\rh-moneyback.ru\Development\yii\framework\web\CBaseController.php(96): CBaseController->renderInternal('C:\Workspace\rh...', Array, true)
#16 C:\Workspace\rh-moneyback.ru\Development\yii\framework\web\CController.php(785): CBaseController->renderFile('C:\Workspace\rh...', Array, true)
#17 C:\Workspace\rh-moneyback.ru\Development\yii\framework\gii\controllers\DefaultController.php(47): CController->render('login', Array)
#18 C:\Workspace\rh-moneyback.ru\Development\yii\framework\web\actions\CInlineAction.php(50): DefaultController->actionLogin()
#19 C:\Workspace\rh-moneyback.ru\Development\yii\framework\web\CController.php(309): CInlineAction->runWithParams(Array)
#20 C:\Workspace\rh-moneyback.ru\Development\yii\framework\web\CController.php(287): CController->runAction(Object(CInlineAction))
#21 C:\Workspace\rh-moneyback.ru\Development\yii\framework\web\CController.php(266): CController->runActionWithFilters(Object(CInlineAction), Array)
#22 C:\Workspace\rh-moneyback.ru\Development\yii\framework\web\CWebApplication.php(283): CController->run('login')
#23 C:\Workspace\rh-moneyback.ru\Development\yii\framework\web\CWebApplication.php(142): CWebApplication->runController('gii/default/log...')
#24 C:\Workspace\rh-moneyback.ru\Development\yii\framework\base\CApplication.php(162): CWebApplication->processRequest()
#25 C:\Workspace\rh-moneyback.ru\Development\www\index.php(13): CApplication->run()
#26 {main}
REQUEST_URI=/index.php?r=gii/default/login
---
2012/12/16 16:49:03 [error] [exception.CException] exception 'CException' with message 'Property "UserIdentity.email" is not defined.' in C:\Workspace\rh-moneyback.ru\Development\yii\framework\base\CComponent.php:131
Stack trace:
#0 C:\Workspace\rh-moneyback.ru\Development\www\protected\components\UserIdentity.php(20): CComponent->__get('email')
#1 C:\Workspace\rh-moneyback.ru\Development\www\protected\models\LoginForm.php(54): UserIdentity->authenticate()
#2 C:\Workspace\rh-moneyback.ru\Development\yii\framework\validators\CInlineValidator.php(43): LoginForm->authenticate('password', Array)
#3 C:\Workspace\rh-moneyback.ru\Development\yii\framework\validators\CValidator.php(214): CInlineValidator->validateAttribute(Object(LoginForm), 'password')
#4 C:\Workspace\rh-moneyback.ru\Development\yii\framework\base\CModel.php(158): CValidator->validate(Object(LoginForm), NULL)
#5 C:\Workspace\rh-moneyback.ru\Development\www\protected\controllers\SiteController.php(71): CModel->validate()
#6 C:\Workspace\rh-moneyback.ru\Development\yii\framework\web\actions\CInlineAction.php(50): SiteController->actionLogin()
#7 C:\Workspace\rh-moneyback.ru\Development\yii\framework\web\CController.php(309): CInlineAction->runWithParams(Array)
#8 C:\Workspace\rh-moneyback.ru\Development\yii\framework\web\CController.php(287): CController->runAction(Object(CInlineAction))
#9 C:\Workspace\rh-moneyback.ru\Development\yii\framework\web\CController.php(266): CController->runActionWithFilters(Object(CInlineAction), Array)
#10 C:\Workspace\rh-moneyback.ru\Development\yii\framework\web\CWebApplication.php(283): CController->run('login')
#11 C:\Workspace\rh-moneyback.ru\Development\yii\framework\web\CWebApplication.php(142): CWebApplication->runController('site/login')
#12 C:\Workspace\rh-moneyback.ru\Development\yii\framework\base\CApplication.php(162): CWebApplication->processRequest()
#13 C:\Workspace\rh-moneyback.ru\Development\www\index.php(13): CApplication->run()
#14 {main}
REQUEST_URI=/index.php?r=site/login
HTTP_REFERER=http://rh.local/index.php?r=site/login
---
2012/12/17 16:36:20 [error] [system.db.CDbCommand] CDbCommand::fetchAll() failed: SQLSTATE[42S02]: Base table or view not found: 1146 Table 'moneyback.tbl_migration' doesn't exist. The SQL statement executed was: SHOW COLUMNS FROM `tbl_migration`.
2012/12/17 17:03:06 [error] [php] preg_match(): Compilation failed: nothing to repeat at offset 1 (C:\WorkSpace\actual\rh-moneyback.ru\Development\yii\framework\validators\CRegularExpressionValidator.php:51)
Stack trace:
#0 C:\WorkSpace\actual\rh-moneyback.ru\Development\yii\framework\base\CModel.php(158): CRegularExpressionValidator->validate()
#1 C:\WorkSpace\actual\rh-moneyback.ru\Development\yii\framework\web\widgets\CActiveForm.php(836): User->validate()
#2 C:\WorkSpace\actual\rh-moneyback.ru\Development\www\protected\controllers\SiteController.php(86): validate()
#3 C:\WorkSpace\actual\rh-moneyback.ru\Development\yii\framework\web\actions\CInlineAction.php(50): SiteController->actionRegister()
#4 C:\WorkSpace\actual\rh-moneyback.ru\Development\yii\framework\web\CController.php(309): CInlineAction->runWithParams()
#5 C:\WorkSpace\actual\rh-moneyback.ru\Development\yii\framework\web\CController.php(287): SiteController->runAction()
#6 C:\WorkSpace\actual\rh-moneyback.ru\Development\yii\framework\web\CController.php(266): SiteController->runActionWithFilters()
#7 C:\WorkSpace\actual\rh-moneyback.ru\Development\yii\framework\web\CWebApplication.php(283): SiteController->run()
#8 C:\WorkSpace\actual\rh-moneyback.ru\Development\yii\framework\web\CWebApplication.php(142): CWebApplication->runController()
#9 C:\WorkSpace\actual\rh-moneyback.ru\Development\yii\framework\base\CApplication.php(162): CWebApplication->processRequest()
#10 C:\WorkSpace\actual\rh-moneyback.ru\Development\www\index.php(13): CWebApplication->run()
REQUEST_URI=/index.php?r=site/register
in C:\WorkSpace\actual\rh-moneyback.ru\Development\www\protected\controllers\SiteController.php (86)
in C:\WorkSpace\actual\rh-moneyback.ru\Development\www\index.php (13)
2012/12/17 17:03:21 [error] [php] preg_match(): Compilation failed: nothing to repeat at offset 1 (C:\WorkSpace\actual\rh-moneyback.ru\Development\yii\framework\validators\CRegularExpressionValidator.php:51)
Stack trace:
#0 C:\WorkSpace\actual\rh-moneyback.ru\Development\yii\framework\base\CModel.php(158): CRegularExpressionValidator->validate()
#1 C:\WorkSpace\actual\rh-moneyback.ru\Development\yii\framework\web\widgets\CActiveForm.php(836): User->validate()
#2 C:\WorkSpace\actual\rh-moneyback.ru\Development\www\protected\controllers\SiteController.php(86): validate()
#3 C:\WorkSpace\actual\rh-moneyback.ru\Development\yii\framework\web\actions\CInlineAction.php(50): SiteController->actionRegister()
#4 C:\WorkSpace\actual\rh-moneyback.ru\Development\yii\framework\web\CController.php(309): CInlineAction->runWithParams()
#5 C:\WorkSpace\actual\rh-moneyback.ru\Development\yii\framework\web\CController.php(287): SiteController->runAction()
#6 C:\WorkSpace\actual\rh-moneyback.ru\Development\yii\framework\web\CController.php(266): SiteController->runActionWithFilters()
#7 C:\WorkSpace\actual\rh-moneyback.ru\Development\yii\framework\web\CWebApplication.php(283): SiteController->run()
#8 C:\WorkSpace\actual\rh-moneyback.ru\Development\yii\framework\web\CWebApplication.php(142): CWebApplication->runController()
#9 C:\WorkSpace\actual\rh-moneyback.ru\Development\yii\framework\base\CApplication.php(162): CWebApplication->processRequest()
#10 C:\WorkSpace\actual\rh-moneyback.ru\Development\www\index.php(13): CWebApplication->run()
REQUEST_URI=/index.php?r=site/register
in C:\WorkSpace\actual\rh-moneyback.ru\Development\www\protected\controllers\SiteController.php (86)
in C:\WorkSpace\actual\rh-moneyback.ru\Development\www\index.php (13)
2012/12/17 17:03:25 [error] [php] preg_match(): Compilation failed: nothing to repeat at offset 1 (C:\WorkSpace\actual\rh-moneyback.ru\Development\yii\framework\validators\CRegularExpressionValidator.php:51)
Stack trace:
#0 C:\WorkSpace\actual\rh-moneyback.ru\Development\yii\framework\base\CModel.php(158): CRegularExpressionValidator->validate()
#1 C:\WorkSpace\actual\rh-moneyback.ru\Development\yii\framework\web\widgets\CActiveForm.php(836): User->validate()
#2 C:\WorkSpace\actual\rh-moneyback.ru\Development\www\protected\controllers\SiteController.php(86): validate()
#3 C:\WorkSpace\actual\rh-moneyback.ru\Development\yii\framework\web\actions\CInlineAction.php(50): SiteController->actionRegister()
#4 C:\WorkSpace\actual\rh-moneyback.ru\Development\yii\framework\web\CController.php(309): CInlineAction->runWithParams()
#5 C:\WorkSpace\actual\rh-moneyback.ru\Development\yii\framework\web\CController.php(287): SiteController->runAction()
#6 C:\WorkSpace\actual\rh-moneyback.ru\Development\yii\framework\web\CController.php(266): SiteController->runActionWithFilters()
#7 C:\WorkSpace\actual\rh-moneyback.ru\Development\yii\framework\web\CWebApplication.php(283): SiteController->run()
#8 C:\WorkSpace\actual\rh-moneyback.ru\Development\yii\framework\web\CWebApplication.php(142): CWebApplication->runController()
#9 C:\WorkSpace\actual\rh-moneyback.ru\Development\yii\framework\base\CApplication.php(162): CWebApplication->processRequest()
#10 C:\WorkSpace\actual\rh-moneyback.ru\Development\www\index.php(13): CWebApplication->run()
REQUEST_URI=/index.php?r=site/register
in C:\WorkSpace\actual\rh-moneyback.ru\Development\www\protected\controllers\SiteController.php (86)
in C:\WorkSpace\actual\rh-moneyback.ru\Development\www\index.php (13)
2012/12/17 17:05:29 [error] [system.db.CDbCommand] Не удалось выполнить CDbCommand::execute(): SQLSTATE[22001]: String data, right truncated: 1406 Data too long for column 'phone' at row 1. Выполнявшийся SQL-запрос: INSERT INTO `tbl_users` (`status`, `name`, `email`, `phone`, `password`, `agree`, `activation_key`) VALUES (:yp0, :yp1, :yp2, :yp3, :yp4, :yp5, :yp6).
in C:\WorkSpace\actual\rh-moneyback.ru\Development\www\protected\controllers\SiteController.php (97)
in C:\WorkSpace\actual\rh-moneyback.ru\Development\www\index.php (13)
2012/12/17 17:05:29 [error] [exception.CDbException] exception 'CDbException' with message 'CDbCommand не удалось исполнить SQL-запрос: SQLSTATE[22001]: String data, right truncated: 1406 Data too long for column 'phone' at row 1. The SQL statement executed was: INSERT INTO `tbl_users` (`status`, `name`, `email`, `phone`, `password`, `agree`, `activation_key`) VALUES (:yp0, :yp1, :yp2, :yp3, :yp4, :yp5, :yp6)' in C:\WorkSpace\actual\rh-moneyback.ru\Development\yii\framework\db\CDbCommand.php:354
Stack trace:
#0 C:\WorkSpace\actual\rh-moneyback.ru\Development\yii\framework\db\ar\CActiveRecord.php(1017): CDbCommand->execute()
#1 C:\WorkSpace\actual\rh-moneyback.ru\Development\yii\framework\db\ar\CActiveRecord.php(796): CActiveRecord->insert(NULL)
#2 C:\WorkSpace\actual\rh-moneyback.ru\Development\www\protected\controllers\SiteController.php(97): CActiveRecord->save()
#3 C:\WorkSpace\actual\rh-moneyback.ru\Development\yii\framework\web\actions\CInlineAction.php(50): SiteController->actionRegister()
#4 C:\WorkSpace\actual\rh-moneyback.ru\Development\yii\framework\web\CController.php(309): CInlineAction->runWithParams(Array)
#5 C:\WorkSpace\actual\rh-moneyback.ru\Development\yii\framework\web\CController.php(287): CController->runAction(Object(CInlineAction))
#6 C:\WorkSpace\actual\rh-moneyback.ru\Development\yii\framework\web\CController.php(266): CController->runActionWithFilters(Object(CInlineAction), Array)
#7 C:\WorkSpace\actual\rh-moneyback.ru\Development\yii\framework\web\CWebApplication.php(283): CController->run('register')
#8 C:\WorkSpace\actual\rh-moneyback.ru\Development\yii\framework\web\CWebApplication.php(142): CWebApplication->runController('site/register')
#9 C:\WorkSpace\actual\rh-moneyback.ru\Development\yii\framework\base\CApplication.php(162): CWebApplication->processRequest()
#10 C:\WorkSpace\actual\rh-moneyback.ru\Development\www\index.php(13): CApplication->run()
#11 {main}
REQUEST_URI=/index.php?r=site/register
HTTP_REFERER=http://rh.local/
---
2012/12/17 17:07:12 [error] [php] mail(): Failed to connect to mailserver at "localhost" port 25, verify your "SMTP" and "smtp_port" setting in php.ini or use ini_set() (C:\WorkSpace\actual\rh-moneyback.ru\Development\www\protected\models\Mailer.php:55)
Stack trace:
#0 C:\WorkSpace\actual\rh-moneyback.ru\Development\yii\framework\web\actions\CInlineAction.php(50): SiteController->actionRegister()
#1 C:\WorkSpace\actual\rh-moneyback.ru\Development\yii\framework\web\CController.php(309): CInlineAction->runWithParams()
#2 C:\WorkSpace\actual\rh-moneyback.ru\Development\yii\framework\web\CController.php(287): SiteController->runAction()
#3 C:\WorkSpace\actual\rh-moneyback.ru\Development\yii\framework\web\CController.php(266): SiteController->runActionWithFilters()
#4 C:\WorkSpace\actual\rh-moneyback.ru\Development\yii\framework\web\CWebApplication.php(283): SiteController->run()
#5 C:\WorkSpace\actual\rh-moneyback.ru\Development\yii\framework\web\CWebApplication.php(142): CWebApplication->runController()
#6 C:\WorkSpace\actual\rh-moneyback.ru\Development\yii\framework\base\CApplication.php(162): CWebApplication->processRequest()
#7 C:\WorkSpace\actual\rh-moneyback.ru\Development\www\index.php(13): CWebApplication->run()
REQUEST_URI=/index.php?r=site/register
in C:\WorkSpace\actual\rh-moneyback.ru\Development\www\protected\models\Mailer.php (55)
in C:\WorkSpace\actual\rh-moneyback.ru\Development\www\protected\controllers\SiteController.php (104)
in C:\WorkSpace\actual\rh-moneyback.ru\Development\www\index.php (13)
2012/12/17 19:00:39 [error] [php] Undefined variable: model (C:\WorkSpace\actual\rh-moneyback.ru\Development\www\protected\views\cheque\create.php:36)
Stack trace:
#0 C:\WorkSpace\actual\rh-moneyback.ru\Development\yii\framework\web\CController.php(870): ChequeController->renderFile()
#1 C:\WorkSpace\actual\rh-moneyback.ru\Development\yii\framework\web\CController.php(783): ChequeController->renderPartial()
#2 C:\WorkSpace\actual\rh-moneyback.ru\Development\www\protected\controllers\ChequeController.php(7): ChequeController->render()
#3 C:\WorkSpace\actual\rh-moneyback.ru\Development\yii\framework\web\actions\CInlineAction.php(50): ChequeController->actionCreate()
#4 C:\WorkSpace\actual\rh-moneyback.ru\Development\yii\framework\web\CController.php(309): CInlineAction->runWithParams()
#5 C:\WorkSpace\actual\rh-moneyback.ru\Development\yii\framework\web\CController.php(287): ChequeController->runAction()
#6 C:\WorkSpace\actual\rh-moneyback.ru\Development\yii\framework\web\CController.php(266): ChequeController->runActionWithFilters()
#7 C:\WorkSpace\actual\rh-moneyback.ru\Development\yii\framework\web\CWebApplication.php(283): ChequeController->run()
#8 C:\WorkSpace\actual\rh-moneyback.ru\Development\yii\framework\web\CWebApplication.php(142): CWebApplication->runController()
#9 C:\WorkSpace\actual\rh-moneyback.ru\Development\yii\framework\base\CApplication.php(162): CWebApplication->processRequest()
#10 C:\WorkSpace\actual\rh-moneyback.ru\Development\www\index.php(24): CWebApplication->run()
REQUEST_URI=/index.php?r=cheque/create
in C:\WorkSpace\actual\rh-moneyback.ru\Development\www\protected\views\cheque\create.php (36)
in C:\WorkSpace\actual\rh-moneyback.ru\Development\www\protected\controllers\ChequeController.php (7)
in C:\WorkSpace\actual\rh-moneyback.ru\Development\www\index.php (24)
2012/12/17 19:01:27 [error] [exception.CException] exception 'CException' with message 'Контроллер ChequeController содержит в своем представлении "C:\WorkSpace\actual\rh-moneyback.ru\Development\www\protected\views\cheque\create.php" тэги виджетов с неправильной вложенностью. В виджете CActiveForm не используется вызов endWidget().' in C:\WorkSpace\actual\rh-moneyback.ru\Development\yii\framework\web\CBaseController.php:102
Stack trace:
#0 C:\WorkSpace\actual\rh-moneyback.ru\Development\yii\framework\web\CController.php(870): CBaseController->renderFile('C:\WorkSpace\ac...', Array, true)
#1 C:\WorkSpace\actual\rh-moneyback.ru\Development\yii\framework\web\CController.php(783): CController->renderPartial('create', Array, true)
#2 C:\WorkSpace\actual\rh-moneyback.ru\Development\www\protected\controllers\ChequeController.php(10): CController->render('create', Array)
#3 C:\WorkSpace\actual\rh-moneyback.ru\Development\yii\framework\web\actions\CInlineAction.php(50): ChequeController->actionCreate()
#4 C:\WorkSpace\actual\rh-moneyback.ru\Development\yii\framework\web\CController.php(309): CInlineAction->runWithParams(Array)
#5 C:\WorkSpace\actual\rh-moneyback.ru\Development\yii\framework\web\CController.php(287): CController->runAction(Object(CInlineAction))
#6 C:\WorkSpace\actual\rh-moneyback.ru\Development\yii\framework\web\CController.php(266): CController->runActionWithFilters(Object(CInlineAction), Array)
#7 C:\WorkSpace\actual\rh-moneyback.ru\Development\yii\framework\web\CWebApplication.php(283): CController->run('create')
#8 C:\WorkSpace\actual\rh-moneyback.ru\Development\yii\framework\web\CWebApplication.php(142): CWebApplication->runController('cheque/create')
#9 C:\WorkSpace\actual\rh-moneyback.ru\Development\yii\framework\base\CApplication.php(162): CWebApplication->processRequest()
#10 C:\WorkSpace\actual\rh-moneyback.ru\Development\www\index.php(24): CApplication->run()
#11 {main}
REQUEST_URI=/index.php?r=cheque/create
---
2012/12/17 19:34:45 [error] [php] Trying to get property of non-object (C:\WorkSpace\actual\rh-moneyback.ru\Development\www\protected\components\UserIdentity.php:36)
Stack trace:
#0 C:\WorkSpace\actual\rh-moneyback.ru\Development\yii\framework\validators\CValidator.php(214): CInlineValidator->validateAttribute()
#1 C:\WorkSpace\actual\rh-moneyback.ru\Development\yii\framework\base\CModel.php(158): CInlineValidator->validate()
#2 C:\WorkSpace\actual\rh-moneyback.ru\Development\yii\framework\web\widgets\CActiveForm.php(836): LoginForm->validate()
#3 C:\WorkSpace\actual\rh-moneyback.ru\Development\www\protected\controllers\SiteController.php(62): validate()
#4 C:\WorkSpace\actual\rh-moneyback.ru\Development\yii\framework\web\actions\CInlineAction.php(50): SiteController->actionLogin()
#5 C:\WorkSpace\actual\rh-moneyback.ru\Development\yii\framework\web\CController.php(309): CInlineAction->runWithParams()
#6 C:\WorkSpace\actual\rh-moneyback.ru\Development\yii\framework\web\CController.php(287): SiteController->runAction()
#7 C:\WorkSpace\actual\rh-moneyback.ru\Development\yii\framework\web\CController.php(266): SiteController->runActionWithFilters()
#8 C:\WorkSpace\actual\rh-moneyback.ru\Development\yii\framework\web\CWebApplication.php(283): SiteController->run()
#9 C:\WorkSpace\actual\rh-moneyback.ru\Development\yii\framework\web\CWebApplication.php(142): CWebApplication->runController()
#10 C:\WorkSpace\actual\rh-moneyback.ru\Development\yii\framework\base\CApplication.php(162): CWebApplication->processRequest()
#11 C:\WorkSpace\actual\rh-moneyback.ru\Development\www\index.php(24): CWebApplication->run()
REQUEST_URI=/index.php?r=site/login
in C:\WorkSpace\actual\rh-moneyback.ru\Development\www\protected\components\UserIdentity.php (36)
in C:\WorkSpace\actual\rh-moneyback.ru\Development\www\protected\models\LoginForm.php (54)
in C:\WorkSpace\actual\rh-moneyback.ru\Development\www\protected\controllers\SiteController.php (62)
2012/12/17 19:35:48 [error] [php] Trying to get property of non-object (C:\WorkSpace\actual\rh-moneyback.ru\Development\www\protected\components\UserIdentity.php:36)
Stack trace:
#0 C:\WorkSpace\actual\rh-moneyback.ru\Development\yii\framework\validators\CValidator.php(214): CInlineValidator->validateAttribute()
#1 C:\WorkSpace\actual\rh-moneyback.ru\Development\yii\framework\base\CModel.php(158): CInlineValidator->validate()
#2 C:\WorkSpace\actual\rh-moneyback.ru\Development\yii\framework\web\widgets\CActiveForm.php(836): LoginForm->validate()
#3 C:\WorkSpace\actual\rh-moneyback.ru\Development\www\protected\controllers\SiteController.php(62): validate()
#4 C:\WorkSpace\actual\rh-moneyback.ru\Development\yii\framework\web\actions\CInlineAction.php(50): SiteController->actionLogin()
#5 C:\WorkSpace\actual\rh-moneyback.ru\Development\yii\framework\web\CController.php(309): CInlineAction->runWithParams()
#6 C:\WorkSpace\actual\rh-moneyback.ru\Development\yii\framework\web\CController.php(287): SiteController->runAction()
#7 C:\WorkSpace\actual\rh-moneyback.ru\Development\yii\framework\web\CController.php(266): SiteController->runActionWithFilters()
#8 C:\WorkSpace\actual\rh-moneyback.ru\Development\yii\framework\web\CWebApplication.php(283): SiteController->run()
#9 C:\WorkSpace\actual\rh-moneyback.ru\Development\yii\framework\web\CWebApplication.php(142): CWebApplication->runController()
#10 C:\WorkSpace\actual\rh-moneyback.ru\Development\yii\framework\base\CApplication.php(162): CWebApplication->processRequest()
#11 C:\WorkSpace\actual\rh-moneyback.ru\Development\www\index.php(24): CWebApplication->run()
REQUEST_URI=/index.php?r=site/login
in C:\WorkSpace\actual\rh-moneyback.ru\Development\www\protected\components\UserIdentity.php (36)
in C:\WorkSpace\actual\rh-moneyback.ru\Development\www\protected\models\LoginForm.php (54)
in C:\WorkSpace\actual\rh-moneyback.ru\Development\www\protected\controllers\SiteController.php (62)
2012/12/17 20:01:24 [error] [php] Trying to get property of non-object (C:\WorkSpace\actual\rh-moneyback.ru\Development\www\protected\components\UserIdentity.php:22)
Stack trace:
#0 C:\WorkSpace\actual\rh-moneyback.ru\Development\yii\framework\validators\CValidator.php(214): CInlineValidator->validateAttribute()
#1 C:\WorkSpace\actual\rh-moneyback.ru\Development\yii\framework\base\CModel.php(158): CInlineValidator->validate()
#2 C:\WorkSpace\actual\rh-moneyback.ru\Development\yii\framework\web\widgets\CActiveForm.php(836): LoginForm->validate()
#3 C:\WorkSpace\actual\rh-moneyback.ru\Development\www\protected\controllers\SiteController.php(62): validate()
#4 C:\WorkSpace\actual\rh-moneyback.ru\Development\yii\framework\web\actions\CInlineAction.php(50): SiteController->actionLogin()
#5 C:\WorkSpace\actual\rh-moneyback.ru\Development\yii\framework\web\CController.php(309): CInlineAction->runWithParams()
#6 C:\WorkSpace\actual\rh-moneyback.ru\Development\yii\framework\web\CController.php(287): SiteController->runAction()
#7 C:\WorkSpace\actual\rh-moneyback.ru\Development\yii\framework\web\CController.php(266): SiteController->runActionWithFilters()
#8 C:\WorkSpace\actual\rh-moneyback.ru\Development\yii\framework\web\CWebApplication.php(283): SiteController->run()
#9 C:\WorkSpace\actual\rh-moneyback.ru\Development\yii\framework\web\CWebApplication.php(142): CWebApplication->runController()
#10 C:\WorkSpace\actual\rh-moneyback.ru\Development\yii\framework\base\CApplication.php(162): CWebApplication->processRequest()
#11 C:\WorkSpace\actual\rh-moneyback.ru\Development\www\index.php(24): CWebApplication->run()
REQUEST_URI=/index.php?r=site/login
in C:\WorkSpace\actual\rh-moneyback.ru\Development\www\protected\components\UserIdentity.php (22)
in C:\WorkSpace\actual\rh-moneyback.ru\Development\www\protected\models\LoginForm.php (54)
in C:\WorkSpace\actual\rh-moneyback.ru\Development\www\protected\controllers\SiteController.php (62)
2012/12/17 20:01:49 [error] [exception.CHttpException.404] exception 'CHttpException' with message 'Системе не удалось найти запрашиваемое действие "admin".' in C:\WorkSpace\actual\rh-moneyback.ru\Development\yii\framework\web\CController.php:484
Stack trace:
#0 C:\WorkSpace\actual\rh-moneyback.ru\Development\yii\framework\web\CController.php(271): CController->missingAction('admin')
#1 C:\WorkSpace\actual\rh-moneyback.ru\Development\yii\framework\web\CWebApplication.php(283): CController->run('admin')
#2 C:\WorkSpace\actual\rh-moneyback.ru\Development\yii\framework\web\CWebApplication.php(142): CWebApplication->runController('site/admin')
#3 C:\WorkSpace\actual\rh-moneyback.ru\Development\yii\framework\base\CApplication.php(162): CWebApplication->processRequest()
#4 C:\WorkSpace\actual\rh-moneyback.ru\Development\www\index.php(24): CApplication->run()
#5 {main}
REQUEST_URI=/index.php?r=site/admin
HTTP_REFERER=http://rh.local/index.php?r=site/login
---
2012/12/17 20:02:18 [error] [exception.CHttpException.404] exception 'CHttpException' with message 'Невозможно обработать запрос "admin/index".' in C:\WorkSpace\actual\rh-moneyback.ru\Development\yii\framework\web\CWebApplication.php:287
Stack trace:
#0 C:\WorkSpace\actual\rh-moneyback.ru\Development\yii\framework\web\CWebApplication.php(142): CWebApplication->runController('admin/index')
#1 C:\WorkSpace\actual\rh-moneyback.ru\Development\yii\framework\base\CApplication.php(162): CWebApplication->processRequest()
#2 C:\WorkSpace\actual\rh-moneyback.ru\Development\www\index.php(24): CApplication->run()
#3 {main}
REQUEST_URI=/index.php?r=admin/index
---
2012/12/17 20:15:17 [warning] [application] Не удалось присвоить небезопасный атрибут "image" класса "Product".
in C:\WorkSpace\actual\rh-moneyback.ru\Development\www\protected\modules\admin\controllers\ProductController.php (72)
in C:\WorkSpace\actual\rh-moneyback.ru\Development\www\index.php (24)
2012/12/17 20:15:48 [warning] [application] Не удалось присвоить небезопасный атрибут "image" класса "Product".
in C:\WorkSpace\actual\rh-moneyback.ru\Development\www\protected\modules\admin\controllers\ProductController.php (112)
in C:\WorkSpace\actual\rh-moneyback.ru\Development\www\index.php (24)
2012/12/17 20:17:05 [warning] [application] Не удалось присвоить небезопасный атрибут "image" класса "Product".
in C:\WorkSpace\actual\rh-moneyback.ru\Development\www\protected\modules\admin\controllers\ProductController.php (112)
in C:\WorkSpace\actual\rh-moneyback.ru\Development\www\index.php (24)
2012/12/17 20:17:29 [warning] [application] Не удалось присвоить небезопасный атрибут "image" класса "Product".
in C:\WorkSpace\actual\rh-moneyback.ru\Development\www\protected\modules\admin\controllers\ProductController.php (112)
in C:\WorkSpace\actual\rh-moneyback.ru\Development\www\index.php (24)
2012/12/17 20:18:29 [warning] [application] Не удалось присвоить небезопасный атрибут "image" класса "Product".
in C:\WorkSpace\actual\rh-moneyback.ru\Development\www\protected\modules\admin\controllers\ProductController.php (112)
in C:\WorkSpace\actual\rh-moneyback.ru\Development\www\index.php (24)
2012/12/17 20:27:29 [warning] [application] Не удалось присвоить небезопасный атрибут "image" класса "Product".
in C:\WorkSpace\actual\rh-moneyback.ru\Development\www\protected\modules\admin\controllers\ProductController.php (112)
in C:\WorkSpace\actual\rh-moneyback.ru\Development\www\index.php (24)
2012/12/17 20:28:28 [warning] [application] Не удалось присвоить небезопасный атрибут "image" класса "Product".
in C:\WorkSpace\actual\rh-moneyback.ru\Development\www\protected\modules\admin\controllers\ProductController.php (114)
in C:\WorkSpace\actual\rh-moneyback.ru\Development\www\index.php (24)
2012/12/17 20:33:49 [warning] [application] Не удалось присвоить небезопасный атрибут "image" класса "Product".
in C:\WorkSpace\actual\rh-moneyback.ru\Development\www\protected\modules\admin\controllers\ProductController.php (116)
in C:\WorkSpace\actual\rh-moneyback.ru\Development\www\index.php (24)
2012/12/17 20:36:48 [warning] [application] Не удалось присвоить небезопасный атрибут "image" класса "Product".
in C:\WorkSpace\actual\rh-moneyback.ru\Development\www\protected\modules\admin\controllers\ProductController.php (116)
in C:\WorkSpace\actual\rh-moneyback.ru\Development\www\index.php (24)
2012/12/17 21:09:28 [error] [php] Missing argument 2 for CActiveForm::error(), called in C:\WorkSpace\actual\rh-moneyback.ru\Development\www\protected\views\site\login.php on line 39 and defined (C:\WorkSpace\actual\rh-moneyback.ru\Development\yii\framework\web\widgets\CActiveForm.php:415)
Stack trace:
#0 C:\WorkSpace\actual\rh-moneyback.ru\Development\yii\framework\web\CBaseController.php(96): SiteController->renderInternal()
#1 C:\WorkSpace\actual\rh-moneyback.ru\Development\yii\framework\web\CController.php(870): SiteController->renderFile()
#2 C:\WorkSpace\actual\rh-moneyback.ru\Development\yii\framework\web\CController.php(783): SiteController->renderPartial()
#3 C:\WorkSpace\actual\rh-moneyback.ru\Development\www\protected\controllers\SiteController.php(80): SiteController->render()
#4 C:\WorkSpace\actual\rh-moneyback.ru\Development\yii\framework\web\actions\CInlineAction.php(50): SiteController->actionLogin()
#5 C:\WorkSpace\actual\rh-moneyback.ru\Development\yii\framework\web\CController.php(309): CInlineAction->runWithParams()
#6 C:\WorkSpace\actual\rh-moneyback.ru\Development\yii\framework\web\CController.php(287): SiteController->runAction()
#7 C:\WorkSpace\actual\rh-moneyback.ru\Development\yii\framework\web\CController.php(266): SiteController->runActionWithFilters()
#8 C:\WorkSpace\actual\rh-moneyback.ru\Development\yii\framework\web\CWebApplication.php(283): SiteController->run()
#9 C:\WorkSpace\actual\rh-moneyback.ru\Development\yii\framework\web\CWebApplication.php(142): CWebApplication->runController()
#10 C:\WorkSpace\actual\rh-moneyback.ru\Development\yii\framework\base\CApplication.php(162): CWebApplication->processRequest()
#11 C:\WorkSpace\actual\rh-moneyback.ru\Development\www\index.php(24): CWebApplication->run()
REQUEST_URI=/index.php?r=site/login
in C:\WorkSpace\actual\rh-moneyback.ru\Development\www\protected\views\site\login.php (39)
in C:\WorkSpace\actual\rh-moneyback.ru\Development\www\protected\controllers\SiteController.php (80)
in C:\WorkSpace\actual\rh-moneyback.ru\Development\www\index.php (24)
2012/12/17 21:19:55 [error] [exception.CException] exception 'CException' with message 'Не определено свойство "CWebUser.surname".' in C:\WorkSpace\actual\rh-moneyback.ru\Development\yii\framework\base\CComponent.php:131
Stack trace:
#0 C:\WorkSpace\actual\rh-moneyback.ru\Development\yii\framework\web\auth\CWebUser.php(141): CComponent->__get('surname')
#1 C:\WorkSpace\actual\rh-moneyback.ru\Development\www\protected\controllers\ChequeController.php(75): CWebUser->__get('surname')
#2 C:\WorkSpace\actual\rh-moneyback.ru\Development\yii\framework\web\actions\CInlineAction.php(50): ChequeController->actionCreate()
#3 C:\WorkSpace\actual\rh-moneyback.ru\Development\yii\framework\web\CController.php(309): CInlineAction->runWithParams(Array)
#4 C:\WorkSpace\actual\rh-moneyback.ru\Development\yii\framework\web\filters\CFilterChain.php(134): CController->runAction(Object(CInlineAction))
#5 C:\WorkSpace\actual\rh-moneyback.ru\Development\yii\framework\web\filters\CFilter.php(41): CFilterChain->run()
#6 C:\WorkSpace\actual\rh-moneyback.ru\Development\yii\framework\web\CController.php(1146): CFilter->filter(Object(CFilterChain))
#7 C:\WorkSpace\actual\rh-moneyback.ru\Development\yii\framework\web\filters\CInlineFilter.php(59): CController->filterAccessControl(Object(CFilterChain))
#8 C:\WorkSpace\actual\rh-moneyback.ru\Development\yii\framework\web\filters\CFilterChain.php(131): CInlineFilter->filter(Object(CFilterChain))
#9 C:\WorkSpace\actual\rh-moneyback.ru\Development\yii\framework\web\CController.php(292): CFilterChain->run()
#10 C:\WorkSpace\actual\rh-moneyback.ru\Development\yii\framework\web\CController.php(266): CController->runActionWithFilters(Object(CInlineAction), Array)
#11 C:\WorkSpace\actual\rh-moneyback.ru\Development\yii\framework\web\CWebApplication.php(283): CController->run('create')
#12 C:\WorkSpace\actual\rh-moneyback.ru\Development\yii\framework\web\CWebApplication.php(142): CWebApplication->runController('cheque/create')
#13 C:\WorkSpace\actual\rh-moneyback.ru\Development\yii\framework\base\CApplication.php(162): CWebApplication->processRequest()
#14 C:\WorkSpace\actual\rh-moneyback.ru\Development\www\index.php(24): CApplication->run()
#15 {main}
REQUEST_URI=/index.php?r=cheque/create
HTTP_REFERER=http://rh.local/index.php?r=cheque/create
---
2012/12/17 21:20:30 [error] [exception.CException] exception 'CException' with message 'Контроллер ChequeController не может найти представление "//messages/new_cheque_user".' in C:\WorkSpace\actual\rh-moneyback.ru\Development\yii\framework\web\CController.php:879
Stack trace:
#0 C:\WorkSpace\actual\rh-moneyback.ru\Development\www\protected\controllers\ChequeController.php(80): CController->renderPartial('//messages/new_...', Array, true)
#1 C:\WorkSpace\actual\rh-moneyback.ru\Development\yii\framework\web\actions\CInlineAction.php(50): ChequeController->actionCreate()
#2 C:\WorkSpace\actual\rh-moneyback.ru\Development\yii\framework\web\CController.php(309): CInlineAction->runWithParams(Array)
#3 C:\WorkSpace\actual\rh-moneyback.ru\Development\yii\framework\web\filters\CFilterChain.php(134): CController->runAction(Object(CInlineAction))
#4 C:\WorkSpace\actual\rh-moneyback.ru\Development\yii\framework\web\filters\CFilter.php(41): CFilterChain->run()
#5 C:\WorkSpace\actual\rh-moneyback.ru\Development\yii\framework\web\CController.php(1146): CFilter->filter(Object(CFilterChain))
#6 C:\WorkSpace\actual\rh-moneyback.ru\Development\yii\framework\web\filters\CInlineFilter.php(59): CController->filterAccessControl(Object(CFilterChain))
#7 C:\WorkSpace\actual\rh-moneyback.ru\Development\yii\framework\web\filters\CFilterChain.php(131): CInlineFilter->filter(Object(CFilterChain))
#8 C:\WorkSpace\actual\rh-moneyback.ru\Development\yii\framework\web\CController.php(292): CFilterChain->run()
#9 C:\WorkSpace\actual\rh-moneyback.ru\Development\yii\framework\web\CController.php(266): CController->runActionWithFilters(Object(CInlineAction), Array)
#10 C:\WorkSpace\actual\rh-moneyback.ru\Development\yii\framework\web\CWebApplication.php(283): CController->run('create')
#11 C:\WorkSpace\actual\rh-moneyback.ru\Development\yii\framework\web\CWebApplication.php(142): CWebApplication->runController('cheque/create')
#12 C:\WorkSpace\actual\rh-moneyback.ru\Development\yii\framework\base\CApplication.php(162): CWebApplication->processRequest()
#13 C:\WorkSpace\actual\rh-moneyback.ru\Development\www\index.php(24): CApplication->run()
#14 {main}
REQUEST_URI=/index.php?r=cheque/create
HTTP_REFERER=http://rh.local/index.php?r=cheque/create
---
2012/12/17 21:20:57 [error] [exception.CException] exception 'CException' with message 'Контроллер ChequeController не может найти представление "//messages/new_cheque_user".' in C:\WorkSpace\actual\rh-moneyback.ru\Development\yii\framework\web\CController.php:879
Stack trace:
#0 C:\WorkSpace\actual\rh-moneyback.ru\Development\www\protected\controllers\ChequeController.php(80): CController->renderPartial('//messages/new_...', Array, true)
#1 C:\WorkSpace\actual\rh-moneyback.ru\Development\yii\framework\web\actions\CInlineAction.php(50): ChequeController->actionCreate()
#2 C:\WorkSpace\actual\rh-moneyback.ru\Development\yii\framework\web\CController.php(309): CInlineAction->runWithParams(Array)
#3 C:\WorkSpace\actual\rh-moneyback.ru\Development\yii\framework\web\filters\CFilterChain.php(134): CController->runAction(Object(CInlineAction))
#4 C:\WorkSpace\actual\rh-moneyback.ru\Development\yii\framework\web\filters\CFilter.php(41): CFilterChain->run()
#5 C:\WorkSpace\actual\rh-moneyback.ru\Development\yii\framework\web\CController.php(1146): CFilter->filter(Object(CFilterChain))
#6 C:\WorkSpace\actual\rh-moneyback.ru\Development\yii\framework\web\filters\CInlineFilter.php(59): CController->filterAccessControl(Object(CFilterChain))
#7 C:\WorkSpace\actual\rh-moneyback.ru\Development\yii\framework\web\filters\CFilterChain.php(131): CInlineFilter->filter(Object(CFilterChain))
#8 C:\WorkSpace\actual\rh-moneyback.ru\Development\yii\framework\web\CController.php(292): CFilterChain->run()
#9 C:\WorkSpace\actual\rh-moneyback.ru\Development\yii\framework\web\CController.php(266): CController->runActionWithFilters(Object(CInlineAction), Array)
#10 C:\WorkSpace\actual\rh-moneyback.ru\Development\yii\framework\web\CWebApplication.php(283): CController->run('create')
#11 C:\WorkSpace\actual\rh-moneyback.ru\Development\yii\framework\web\CWebApplication.php(142): CWebApplication->runController('cheque/create')
#12 C:\WorkSpace\actual\rh-moneyback.ru\Development\yii\framework\base\CApplication.php(162): CWebApplication->processRequest()
#13 C:\WorkSpace\actual\rh-moneyback.ru\Development\www\index.php(24): CApplication->run()
#14 {main}
REQUEST_URI=/index.php?r=cheque/create
HTTP_REFERER=http://rh.local/index.php?r=cheque/create
---
2012/12/17 21:21:18 [error] [exception.CException] exception 'CException' with message 'Не определено свойство "User.surname".' in C:\WorkSpace\actual\rh-moneyback.ru\Development\yii\framework\base\CComponent.php:131
Stack trace:
#0 C:\WorkSpace\actual\rh-moneyback.ru\Development\yii\framework\db\ar\CActiveRecord.php(144): CComponent->__get('surname')
#1 C:\WorkSpace\actual\rh-moneyback.ru\Development\www\protected\views\messages\new_cheque_user.php(3): CActiveRecord->__get('surname')
#2 C:\WorkSpace\actual\rh-moneyback.ru\Development\yii\framework\web\CBaseController.php(127): require('C:\WorkSpace\ac...')
#3 C:\WorkSpace\actual\rh-moneyback.ru\Development\yii\framework\web\CBaseController.php(96): CBaseController->renderInternal('C:\WorkSpace\ac...', Array, true)
#4 C:\WorkSpace\actual\rh-moneyback.ru\Development\yii\framework\web\CController.php(870): CBaseController->renderFile('C:\WorkSpace\ac...', Array, true)
#5 C:\WorkSpace\actual\rh-moneyback.ru\Development\www\protected\controllers\ChequeController.php(80): CController->renderPartial('//messages/new_...', Array, true)
#6 C:\WorkSpace\actual\rh-moneyback.ru\Development\yii\framework\web\actions\CInlineAction.php(50): ChequeController->actionCreate()
#7 C:\WorkSpace\actual\rh-moneyback.ru\Development\yii\framework\web\CController.php(309): CInlineAction->runWithParams(Array)
#8 C:\WorkSpace\actual\rh-moneyback.ru\Development\yii\framework\web\filters\CFilterChain.php(134): CController->runAction(Object(CInlineAction))
#9 C:\WorkSpace\actual\rh-moneyback.ru\Development\yii\framework\web\filters\CFilter.php(41): CFilterChain->run()
#10 C:\WorkSpace\actual\rh-moneyback.ru\Development\yii\framework\web\CController.php(1146): CFilter->filter(Object(CFilterChain))
#11 C:\WorkSpace\actual\rh-moneyback.ru\Development\yii\framework\web\filters\CInlineFilter.php(59): CController->filterAccessControl(Object(CFilterChain))
#12 C:\WorkSpace\actual\rh-moneyback.ru\Development\yii\framework\web\filters\CFilterChain.php(131): CInlineFilter->filter(Object(CFilterChain))
#13 C:\WorkSpace\actual\rh-moneyback.ru\Development\yii\framework\web\CController.php(292): CFilterChain->run()
#14 C:\WorkSpace\actual\rh-moneyback.ru\Development\yii\framework\web\CController.php(266): CController->runActionWithFilters(Object(CInlineAction), Array)
#15 C:\WorkSpace\actual\rh-moneyback.ru\Development\yii\framework\web\CWebApplication.php(283): CController->run('create')
#16 C:\WorkSpace\actual\rh-moneyback.ru\Development\yii\framework\web\CWebApplication.php(142): CWebApplication->runController('cheque/create')
#17 C:\WorkSpace\actual\rh-moneyback.ru\Development\yii\framework\base\CApplication.php(162): CWebApplication->processRequest()
#18 C:\WorkSpace\actual\rh-moneyback.ru\Development\www\index.php(24): CApplication->run()
#19 {main}
REQUEST_URI=/index.php?r=cheque/create
HTTP_REFERER=http://rh.local/index.php?r=cheque/create
---
2012/12/17 21:22:59 [error] [exception.CException] exception 'CException' with message 'Не определено свойство "Cheque.name".' in C:\WorkSpace\actual\rh-moneyback.ru\Development\yii\framework\base\CComponent.php:131
Stack trace:
#0 C:\WorkSpace\actual\rh-moneyback.ru\Development\yii\framework\db\ar\CActiveRecord.php(144): CComponent->__get('name')
#1 C:\WorkSpace\actual\rh-moneyback.ru\Development\www\protected\views\messages\new_cheque_user.php(3): CActiveRecord->__get('name')
#2 C:\WorkSpace\actual\rh-moneyback.ru\Development\yii\framework\web\CBaseController.php(127): require('C:\WorkSpace\ac...')
#3 C:\WorkSpace\actual\rh-moneyback.ru\Development\yii\framework\web\CBaseController.php(96): CBaseController->renderInternal('C:\WorkSpace\ac...', Array, true)
#4 C:\WorkSpace\actual\rh-moneyback.ru\Development\yii\framework\web\CController.php(870): CBaseController->renderFile('C:\WorkSpace\ac...', Array, true)
#5 C:\WorkSpace\actual\rh-moneyback.ru\Development\www\protected\controllers\ChequeController.php(80): CController->renderPartial('//messages/new_...', Array, true)
#6 C:\WorkSpace\actual\rh-moneyback.ru\Development\yii\framework\web\actions\CInlineAction.php(50): ChequeController->actionCreate()
#7 C:\WorkSpace\actual\rh-moneyback.ru\Development\yii\framework\web\CController.php(309): CInlineAction->runWithParams(Array)
#8 C:\WorkSpace\actual\rh-moneyback.ru\Development\yii\framework\web\filters\CFilterChain.php(134): CController->runAction(Object(CInlineAction))
#9 C:\WorkSpace\actual\rh-moneyback.ru\Development\yii\framework\web\filters\CFilter.php(41): CFilterChain->run()
#10 C:\WorkSpace\actual\rh-moneyback.ru\Development\yii\framework\web\CController.php(1146): CFilter->filter(Object(CFilterChain))
#11 C:\WorkSpace\actual\rh-moneyback.ru\Development\yii\framework\web\filters\CInlineFilter.php(59): CController->filterAccessControl(Object(CFilterChain))
#12 C:\WorkSpace\actual\rh-moneyback.ru\Development\yii\framework\web\filters\CFilterChain.php(131): CInlineFilter->filter(Object(CFilterChain))
#13 C:\WorkSpace\actual\rh-moneyback.ru\Development\yii\framework\web\CController.php(292): CFilterChain->run()
#14 C:\WorkSpace\actual\rh-moneyback.ru\Development\yii\framework\web\CController.php(266): CController->runActionWithFilters(Object(CInlineAction), Array)
#15 C:\WorkSpace\actual\rh-moneyback.ru\Development\yii\framework\web\CWebApplication.php(283): CController->run('create')
#16 C:\WorkSpace\actual\rh-moneyback.ru\Development\yii\framework\web\CWebApplication.php(142): CWebApplication->runController('cheque/create')
#17 C:\WorkSpace\actual\rh-moneyback.ru\Development\yii\framework\base\CApplication.php(162): CWebApplication->processRequest()
#18 C:\WorkSpace\actual\rh-moneyback.ru\Development\www\index.php(24): CApplication->run()
#19 {main}
REQUEST_URI=/index.php?r=cheque/create
HTTP_REFERER=http://rh.local/index.php?r=cheque/create
---
2012/12/17 21:23:17 [error] [exception.CException] exception 'CException' with message 'Не определено свойство "Cheque.sku".' in C:\WorkSpace\actual\rh-moneyback.ru\Development\yii\framework\base\CComponent.php:131
Stack trace:
#0 C:\WorkSpace\actual\rh-moneyback.ru\Development\yii\framework\db\ar\CActiveRecord.php(144): CComponent->__get('sku')
#1 C:\WorkSpace\actual\rh-moneyback.ru\Development\www\protected\views\messages\new_cheque_user.php(5): CActiveRecord->__get('sku')
#2 C:\WorkSpace\actual\rh-moneyback.ru\Development\yii\framework\web\CBaseController.php(127): require('C:\WorkSpace\ac...')
#3 C:\WorkSpace\actual\rh-moneyback.ru\Development\yii\framework\web\CBaseController.php(96): CBaseController->renderInternal('C:\WorkSpace\ac...', Array, true)
#4 C:\WorkSpace\actual\rh-moneyback.ru\Development\yii\framework\web\CController.php(870): CBaseController->renderFile('C:\WorkSpace\ac...', Array, true)
#5 C:\WorkSpace\actual\rh-moneyback.ru\Development\www\protected\controllers\ChequeController.php(80): CController->renderPartial('//messages/new_...', Array, true)
#6 C:\WorkSpace\actual\rh-moneyback.ru\Development\yii\framework\web\actions\CInlineAction.php(50): ChequeController->actionCreate()
#7 C:\WorkSpace\actual\rh-moneyback.ru\Development\yii\framework\web\CController.php(309): CInlineAction->runWithParams(Array)
#8 C:\WorkSpace\actual\rh-moneyback.ru\Development\yii\framework\web\filters\CFilterChain.php(134): CController->runAction(Object(CInlineAction))
#9 C:\WorkSpace\actual\rh-moneyback.ru\Development\yii\framework\web\filters\CFilter.php(41): CFilterChain->run()
#10 C:\WorkSpace\actual\rh-moneyback.ru\Development\yii\framework\web\CController.php(1146): CFilter->filter(Object(CFilterChain))
#11 C:\WorkSpace\actual\rh-moneyback.ru\Development\yii\framework\web\filters\CInlineFilter.php(59): CController->filterAccessControl(Object(CFilterChain))
#12 C:\WorkSpace\actual\rh-moneyback.ru\Development\yii\framework\web\filters\CFilterChain.php(131): CInlineFilter->filter(Object(CFilterChain))
#13 C:\WorkSpace\actual\rh-moneyback.ru\Development\yii\framework\web\CController.php(292): CFilterChain->run()
#14 C:\WorkSpace\actual\rh-moneyback.ru\Development\yii\framework\web\CController.php(266): CController->runActionWithFilters(Object(CInlineAction), Array)
#15 C:\WorkSpace\actual\rh-moneyback.ru\Development\yii\framework\web\CWebApplication.php(283): CController->run('create')
#16 C:\WorkSpace\actual\rh-moneyback.ru\Development\yii\framework\web\CWebApplication.php(142): CWebApplication->runController('cheque/create')
#17 C:\WorkSpace\actual\rh-moneyback.ru\Development\yii\framework\base\CApplication.php(162): CWebApplication->processRequest()
#18 C:\WorkSpace\actual\rh-moneyback.ru\Development\www\index.php(24): CApplication->run()
#19 {main}
REQUEST_URI=/index.php?r=cheque/create
HTTP_REFERER=http://rh.local/index.php?r=cheque/create
---
2012/12/17 21:29:56 [error] [exception.CHttpException.403] exception 'CHttpException' with message 'У вас недостаточно прав для выполнения указанного действия.' in C:\WorkSpace\actual\rh-moneyback.ru\Development\yii\framework\web\auth\CAccessControlFilter.php:170
Stack trace:
#0 C:\WorkSpace\actual\rh-moneyback.ru\Development\yii\framework\web\auth\CAccessControlFilter.php(133): CAccessControlFilter->accessDenied(Object(CWebUser), '?? ?????? ?????...')
#1 C:\WorkSpace\actual\rh-moneyback.ru\Development\yii\framework\web\filters\CFilter.php(39): CAccessControlFilter->preFilter(Object(CFilterChain))
#2 C:\WorkSpace\actual\rh-moneyback.ru\Development\yii\framework\web\CController.php(1146): CFilter->filter(Object(CFilterChain))
#3 C:\WorkSpace\actual\rh-moneyback.ru\Development\yii\framework\web\filters\CInlineFilter.php(59): CController->filterAccessControl(Object(CFilterChain))
#4 C:\WorkSpace\actual\rh-moneyback.ru\Development\yii\framework\web\filters\CFilterChain.php(131): CInlineFilter->filter(Object(CFilterChain))
#5 C:\WorkSpace\actual\rh-moneyback.ru\Development\yii\framework\web\CController.php(292): CFilterChain->run()
#6 C:\WorkSpace\actual\rh-moneyback.ru\Development\yii\framework\web\CController.php(266): CController->runActionWithFilters(Object(CInlineAction), Array)
#7 C:\WorkSpace\actual\rh-moneyback.ru\Development\yii\framework\web\CWebApplication.php(283): CController->run('')
#8 C:\WorkSpace\actual\rh-moneyback.ru\Development\yii\framework\web\CWebApplication.php(142): CWebApplication->runController('admin')
#9 C:\WorkSpace\actual\rh-moneyback.ru\Development\yii\framework\base\CApplication.php(162): CWebApplication->processRequest()
#10 C:\WorkSpace\actual\rh-moneyback.ru\Development\www\index.php(24): CApplication->run()
#11 {main}
REQUEST_URI=/index.php?r=admin
---
2012/12/17 21:30:01 [error] [exception.CHttpException.403] exception 'CHttpException' with message 'У вас недостаточно прав для выполнения указанного действия.' in C:\WorkSpace\actual\rh-moneyback.ru\Development\yii\framework\web\auth\CAccessControlFilter.php:170
Stack trace:
#0 C:\WorkSpace\actual\rh-moneyback.ru\Development\yii\framework\web\auth\CAccessControlFilter.php(133): CAccessControlFilter->accessDenied(Object(CWebUser), '?? ?????? ?????...')
#1 C:\WorkSpace\actual\rh-moneyback.ru\Development\yii\framework\web\filters\CFilter.php(39): CAccessControlFilter->preFilter(Object(CFilterChain))
#2 C:\WorkSpace\actual\rh-moneyback.ru\Development\yii\framework\web\CController.php(1146): CFilter->filter(Object(CFilterChain))
#3 C:\WorkSpace\actual\rh-moneyback.ru\Development\yii\framework\web\filters\CInlineFilter.php(59): CController->filterAccessControl(Object(CFilterChain))
#4 C:\WorkSpace\actual\rh-moneyback.ru\Development\yii\framework\web\filters\CFilterChain.php(131): CInlineFilter->filter(Object(CFilterChain))
#5 C:\WorkSpace\actual\rh-moneyback.ru\Development\yii\framework\web\CController.php(292): CFilterChain->run()
#6 C:\WorkSpace\actual\rh-moneyback.ru\Development\yii\framework\web\CController.php(266): CController->runActionWithFilters(Object(CInlineAction), Array)
#7 C:\WorkSpace\actual\rh-moneyback.ru\Development\yii\framework\web\CWebApplication.php(283): CController->run('')
#8 C:\WorkSpace\actual\rh-moneyback.ru\Development\yii\framework\web\CWebApplication.php(142): CWebApplication->runController('admin/default')
#9 C:\WorkSpace\actual\rh-moneyback.ru\Development\yii\framework\base\CApplication.php(162): CWebApplication->processRequest()
#10 C:\WorkSpace\actual\rh-moneyback.ru\Development\www\index.php(24): CApplication->run()
#11 {main}
REQUEST_URI=/index.php?r=admin/default
---
